<?xml version="1.0" encoding="utf-8"?><testsuites><testsuite name="pytest" errors="0" failures="0" skipped="0" tests="7" time="33.495" timestamp="2025-01-21T17:13:21.674744+00:00" hostname="biobb-runners"><testcase classname="biobb_pmx.test.unitests.test_pmx.test_pmxanalyse.TestPmxanalyse" name="test_pmxanalyse" time="12.737" /><testcase classname="biobb_pmx.test.unitests.test_pmx.test_pmxatom_mapping.TestPmxatom_mapping" name="test_pmxatom_mapping" time="5.033" /><testcase classname="biobb_pmx.test.unitests.test_pmx.test_pmxcreate_top.TestPmxcreate_top" name="test_pmxcreate_top" time="0.042" /><testcase classname="biobb_pmx.test.unitests.test_pmx.test_pmxgentop.TestPmxgentop" name="test_pmxgentop" time="7.133" /><testcase classname="biobb_pmx.test.unitests.test_pmx.test_pmxligand_hybrid.TestPmxligand_hybrid" name="test_pmxligand_hybrid" time="1.861" /><testcase classname="biobb_pmx.test.unitests.test_pmx.test_pmxmerge_ff.TestPmxmerge_ff" name="test_pmxmerge_ff" time="0.033" /><testcase classname="biobb_pmx.test.unitests.test_pmx.test_pmxmutate.TestPmxmutate" name="test_pmxmutate" time="4.737" /></testsuite></testsuites>