<?xml version="1.0" encoding="utf-8"?><testsuites><testsuite name="pytest" errors="0" failures="0" skipped="0" tests="7" time="83.818" timestamp="2025-01-23T10:05:05.879213+00:00" hostname="github-actions.vm.mmb.pcb.ub.es"><testcase classname="biobb_pmx.test.unitests.test_pmx.test_pmxanalyse.TestPmxanalyse" name="test_pmxanalyse" time="35.910" /><testcase classname="biobb_pmx.test.unitests.test_pmx.test_pmxatom_mapping.TestPmxatom_mapping" name="test_pmxatom_mapping" time="11.551" /><testcase classname="biobb_pmx.test.unitests.test_pmx.test_pmxcreate_top.TestPmxcreate_top" name="test_pmxcreate_top" time="0.108" /><testcase classname="biobb_pmx.test.unitests.test_pmx.test_pmxgentop.TestPmxgentop" name="test_pmxgentop" time="16.852" /><testcase classname="biobb_pmx.test.unitests.test_pmx.test_pmxligand_hybrid.TestPmxligand_hybrid" name="test_pmxligand_hybrid" time="4.056" /><testcase classname="biobb_pmx.test.unitests.test_pmx.test_pmxmerge_ff.TestPmxmerge_ff" name="test_pmxmerge_ff" time="0.086" /><testcase classname="biobb_pmx.test.unitests.test_pmx.test_pmxmutate.TestPmxmutate" name="test_pmxmutate" time="11.558" /></testsuite></testsuites>