<?xml version="1.0" encoding="utf-8"?><testsuites><testsuite name="pytest" errors="0" failures="0" skipped="0" tests="7" time="31.752" timestamp="2024-05-29T14:13:33.548373" hostname="biobb-runners"><testcase classname="biobb_pmx.test.unitests.test_pmx.test_pmxanalyse.TestPmxanalyse" name="test_pmxanalyse" time="13.441" /><testcase classname="biobb_pmx.test.unitests.test_pmx.test_pmxatom_mapping.TestPmxatom_mapping" name="test_pmxatom_mapping" time="4.782" /><testcase classname="biobb_pmx.test.unitests.test_pmx.test_pmxcreate_top.TestPmxcreate_top" name="test_pmxcreate_top" time="0.042" /><testcase classname="biobb_pmx.test.unitests.test_pmx.test_pmxgentop.TestPmxgentop" name="test_pmxgentop" time="5.683" /><testcase classname="biobb_pmx.test.unitests.test_pmx.test_pmxligand_hybrid.TestPmxligand_hybrid" name="test_pmxligand_hybrid" time="1.673" /><testcase classname="biobb_pmx.test.unitests.test_pmx.test_pmxmerge_ff.TestPmxmerge_ff" name="test_pmxmerge_ff" time="0.037" /><testcase classname="biobb_pmx.test.unitests.test_pmx.test_pmxmutate.TestPmxmutate" name="test_pmxmutate" time="4.839" /></testsuite></testsuites>