<?xml version="1.0" encoding="utf-8"?><testsuites><testsuite name="pytest" errors="0" failures="0" skipped="0" tests="7" time="39.787" timestamp="2024-06-14T18:46:45.996470" hostname="biobb-runners"><testcase classname="biobb_pmx.test.unitests.test_pmx.test_pmxanalyse.TestPmxanalyse" name="test_pmxanalyse" time="14.232" /><testcase classname="biobb_pmx.test.unitests.test_pmx.test_pmxatom_mapping.TestPmxatom_mapping" name="test_pmxatom_mapping" time="4.385" /><testcase classname="biobb_pmx.test.unitests.test_pmx.test_pmxcreate_top.TestPmxcreate_top" name="test_pmxcreate_top" time="0.045" /><testcase classname="biobb_pmx.test.unitests.test_pmx.test_pmxgentop.TestPmxgentop" name="test_pmxgentop" time="9.166" /><testcase classname="biobb_pmx.test.unitests.test_pmx.test_pmxligand_hybrid.TestPmxligand_hybrid" name="test_pmxligand_hybrid" time="1.664" /><testcase classname="biobb_pmx.test.unitests.test_pmx.test_pmxmerge_ff.TestPmxmerge_ff" name="test_pmxmerge_ff" time="0.033" /><testcase classname="biobb_pmx.test.unitests.test_pmx.test_pmxmutate.TestPmxmutate" name="test_pmxmutate" time="4.872" /></testsuite></testsuites>